Determining if the pthread_create exist failed with the following output:
Change Dir: /home/jr/github/RoboOps-Senior-Design/Source/RoboOps_ControllerCode/manual_keyboard_control/build/CMakeFiles/CMakeTmp

Run Build Command:/usr/bin/make "cmTryCompileExec1918006306/fast"
make[1]: Entering directory `/home/jr/github/RoboOps-Senior-Design/Source/RoboOps_ControllerCode/manual_keyboard_control/build/CMakeFiles/CMakeTmp'
/usr/bin/make -f CMakeFiles/cmTryCompileExec1918006306.dir/build.make CMakeFiles/cmTryCompileExec1918006306.dir/build
make[2]: Entering directory `/home/jr/github/RoboOps-Senior-Design/Source/RoboOps_ControllerCode/manual_keyboard_control/build/CMakeFiles/CMakeTmp'
/usr/bin/cmake -E cmake_progress_report /home/jr/github/RoboOps-Senior-Design/Source/RoboOps_ControllerCode/manual_keyboard_control/build/CMakeFiles/CMakeTmp/CMakeFiles 1
Building C object CMakeFiles/cmTryCompileExec1918006306.dir/CheckSymbolExists.c.o
/usr/bin/cc    -o CMakeFiles/cmTryCompileExec1918006306.dir/CheckSymbolExists.c.o   -c /home/jr/github/RoboOps-Senior-Design/Source/RoboOps_ControllerCode/manual_keyboard_control/build/CMakeFiles/CMakeTmp/CheckSymbolExists.c
Linking C executable cmTryCompileExec1918006306
/usr/bin/cmake -E cmake_link_script CMakeFiles/cmTryCompileExec1918006306.dir/link.txt --verbose=1
/usr/bin/cc       CMakeFiles/cmTryCompileExec1918006306.dir/CheckSymbolExists.c.o  -o cmTryCompileExec1918006306 -rdynamic 
CMakeFiles/cmTryCompileExec1918006306.dir/CheckSymbolExists.c.o: In function `main':
CheckSymbolExists.c:(.text+0x16): undefined reference to `pthread_create'
collect2: error: ld returned 1 exit status
make[2]: *** [cmTryCompileExec1918006306] Error 1
make[2]: Leaving directory `/home/jr/github/RoboOps-Senior-Design/Source/RoboOps_ControllerCode/manual_keyboard_control/build/CMakeFiles/CMakeTmp'
make[1]: Leaving directory `/home/jr/github/RoboOps-Senior-Design/Source/RoboOps_ControllerCode/manual_keyboard_control/build/CMakeFiles/CMakeTmp'
make[1]: *** [cmTryCompileExec1918006306/fast] Error 2

File /home/jr/github/RoboOps-Senior-Design/Source/RoboOps_ControllerCode/manual_keyboard_control/build/CMakeFiles/CMakeTmp/CheckSymbolExists.c:
/* */
#include <pthread.h>

int main(int argc, char** argv)
{
  (void)argv;
#ifndef pthread_create
  return ((int*)(&pthread_create))[argc];
#else
  (void)argc;
  return 0;
#endif
}

Determining if the function pthread_create exists in the pthreads failed with the following output:
Change Dir: /home/jr/github/RoboOps-Senior-Design/Source/RoboOps_ControllerCode/manual_keyboard_control/build/CMakeFiles/CMakeTmp

Run Build Command:/usr/bin/make "cmTryCompileExec2279899963/fast"
make[1]: Entering directory `/home/jr/github/RoboOps-Senior-Design/Source/RoboOps_ControllerCode/manual_keyboard_control/build/CMakeFiles/CMakeTmp'
/usr/bin/make -f CMakeFiles/cmTryCompileExec2279899963.dir/build.make CMakeFiles/cmTryCompileExec2279899963.dir/build
make[2]: Entering directory `/home/jr/github/RoboOps-Senior-Design/Source/RoboOps_ControllerCode/manual_keyboard_control/build/CMakeFiles/CMakeTmp'
/usr/bin/cmake -E cmake_progress_report /home/jr/github/RoboOps-Senior-Design/Source/RoboOps_ControllerCode/manual_keyboard_control/build/CMakeFiles/CMakeTmp/CMakeFiles 1
Building C object CMakeFiles/cmTryCompileExec2279899963.dir/CheckFunctionExists.c.o
/usr/bin/cc   -DCHECK_FUNCTION_EXISTS=pthread_create   -o CMakeFiles/cmTryCompileExec2279899963.dir/CheckFunctionExists.c.o   -c /usr/share/cmake-2.8/Modules/CheckFunctionExists.c
Linking C executable cmTryCompileExec2279899963
/usr/bin/cmake -E cmake_link_script CMakeFiles/cmTryCompileExec2279899963.dir/link.txt --verbose=1
/usr/bin/cc   -DCHECK_FUNCTION_EXISTS=pthread_create    CMakeFiles/cmTryCompileExec2279899963.dir/CheckFunctionExists.c.o  -o cmTryCompileExec2279899963 -rdynamic -lpthreads 
/usr/bin/ld: cannot find -lpthreads
collect2: error: ld returned 1 exit status
make[2]: Leaving directory `/home/jr/github/RoboOps-Senior-Design/Source/RoboOps_ControllerCode/manual_keyboard_control/build/CMakeFiles/CMakeTmp'
make[2]: *** [cmTryCompileExec2279899963] Error 1
make[1]: *** [cmTryCompileExec2279899963/fast] Error 2
make[1]: Leaving directory `/home/jr/github/RoboOps-Senior-Design/Source/RoboOps_ControllerCode/manual_keyboard_control/build/CMakeFiles/CMakeTmp'


Determining if the pthread_create exist failed with the following output:
Change Dir: /home/roboops/Documents/RoboOps-Senior-Design/Source/RoboOps_ControllerCode/manual_keyboard_control/build/CMakeFiles/CMakeTmp

Run Build Command:/usr/bin/make "cmTryCompileExec3827830114/fast"
make[1]: Entering directory `/home/roboops/Documents/RoboOps-Senior-Design/Source/RoboOps_ControllerCode/manual_keyboard_control/build/CMakeFiles/CMakeTmp'
/usr/bin/make -f CMakeFiles/cmTryCompileExec3827830114.dir/build.make CMakeFiles/cmTryCompileExec3827830114.dir/build
make[2]: Entering directory `/home/roboops/Documents/RoboOps-Senior-Design/Source/RoboOps_ControllerCode/manual_keyboard_control/build/CMakeFiles/CMakeTmp'
/usr/bin/cmake -E cmake_progress_report /home/roboops/Documents/RoboOps-Senior-Design/Source/RoboOps_ControllerCode/manual_keyboard_control/build/CMakeFiles/CMakeTmp/CMakeFiles 1
Building C object CMakeFiles/cmTryCompileExec3827830114.dir/CheckSymbolExists.c.o
/usr/bin/cc    -o CMakeFiles/cmTryCompileExec3827830114.dir/CheckSymbolExists.c.o   -c /home/roboops/Documents/RoboOps-Senior-Design/Source/RoboOps_ControllerCode/manual_keyboard_control/build/CMakeFiles/CMakeTmp/CheckSymbolExists.c
Linking C executable cmTryCompileExec3827830114
/usr/bin/cmake -E cmake_link_script CMakeFiles/cmTryCompileExec3827830114.dir/link.txt --verbose=1
/usr/bin/cc       CMakeFiles/cmTryCompileExec3827830114.dir/CheckSymbolExists.c.o  -o cmTryCompileExec3827830114 -rdynamic 
CMakeFiles/cmTryCompileExec3827830114.dir/CheckSymbolExists.c.o: In function `main':
CheckSymbolExists.c:(.text+0x16): undefined reference to `pthread_create'
collect2: error: ld returned 1 exit status
make[2]: *** [cmTryCompileExec3827830114] Error 1
make[2]: Leaving directory `/home/roboops/Documents/RoboOps-Senior-Design/Source/RoboOps_ControllerCode/manual_keyboard_control/build/CMakeFiles/CMakeTmp'
make[1]: *** [cmTryCompileExec3827830114/fast] Error 2
make[1]: Leaving directory `/home/roboops/Documents/RoboOps-Senior-Design/Source/RoboOps_ControllerCode/manual_keyboard_control/build/CMakeFiles/CMakeTmp'

File /home/roboops/Documents/RoboOps-Senior-Design/Source/RoboOps_ControllerCode/manual_keyboard_control/build/CMakeFiles/CMakeTmp/CheckSymbolExists.c:
/* */
#include <pthread.h>

int main(int argc, char** argv)
{
  (void)argv;
#ifndef pthread_create
  return ((int*)(&pthread_create))[argc];
#else
  (void)argc;
  return 0;
#endif
}

Determining if the function pthread_create exists in the pthreads failed with the following output:
Change Dir: /home/roboops/Documents/RoboOps-Senior-Design/Source/RoboOps_ControllerCode/manual_keyboard_control/build/CMakeFiles/CMakeTmp

Run Build Command:/usr/bin/make "cmTryCompileExec3371529916/fast"
make[1]: Entering directory `/home/roboops/Documents/RoboOps-Senior-Design/Source/RoboOps_ControllerCode/manual_keyboard_control/build/CMakeFiles/CMakeTmp'
/usr/bin/make -f CMakeFiles/cmTryCompileExec3371529916.dir/build.make CMakeFiles/cmTryCompileExec3371529916.dir/build
make[2]: Entering directory `/home/roboops/Documents/RoboOps-Senior-Design/Source/RoboOps_ControllerCode/manual_keyboard_control/build/CMakeFiles/CMakeTmp'
/usr/bin/cmake -E cmake_progress_report /home/roboops/Documents/RoboOps-Senior-Design/Source/RoboOps_ControllerCode/manual_keyboard_control/build/CMakeFiles/CMakeTmp/CMakeFiles 1
Building C object CMakeFiles/cmTryCompileExec3371529916.dir/CheckFunctionExists.c.o
/usr/bin/cc   -DCHECK_FUNCTION_EXISTS=pthread_create   -o CMakeFiles/cmTryCompileExec3371529916.dir/CheckFunctionExists.c.o   -c /usr/share/cmake-2.8/Modules/CheckFunctionExists.c
Linking C executable cmTryCompileExec3371529916
/usr/bin/cmake -E cmake_link_script CMakeFiles/cmTryCompileExec3371529916.dir/link.txt --verbose=1
/usr/bin/cc   -DCHECK_FUNCTION_EXISTS=pthread_create    CMakeFiles/cmTryCompileExec3371529916.dir/CheckFunctionExists.c.o  -o cmTryCompileExec3371529916 -rdynamic -lpthreads 
/usr/bin/ld: cannot find -lpthreads
collect2: error: ld returned 1 exit status
make[2]: *** [cmTryCompileExec3371529916] Error 1
make[2]: Leaving directory `/home/roboops/Documents/RoboOps-Senior-Design/Source/RoboOps_ControllerCode/manual_keyboard_control/build/CMakeFiles/CMakeTmp'
make[1]: *** [cmTryCompileExec3371529916/fast] Error 2
make[1]: Leaving directory `/home/roboops/Documents/RoboOps-Senior-Design/Source/RoboOps_ControllerCode/manual_keyboard_control/build/CMakeFiles/CMakeTmp'


Determining if the pthread_create exist failed with the following output:
Change Dir: /home/jr/github/RoboOps-Senior-Design/Source/RoboOps_ControllerCode/manual_keyboard_control/build/CMakeFiles/CMakeTmp

Run Build Command:/usr/bin/make "cmTryCompileExec1802945890/fast"
make[1]: Entering directory `/home/jr/github/RoboOps-Senior-Design/Source/RoboOps_ControllerCode/manual_keyboard_control/build/CMakeFiles/CMakeTmp'
/usr/bin/make -f CMakeFiles/cmTryCompileExec1802945890.dir/build.make CMakeFiles/cmTryCompileExec1802945890.dir/build
make[2]: Entering directory `/home/jr/github/RoboOps-Senior-Design/Source/RoboOps_ControllerCode/manual_keyboard_control/build/CMakeFiles/CMakeTmp'
/usr/bin/cmake -E cmake_progress_report /home/jr/github/RoboOps-Senior-Design/Source/RoboOps_ControllerCode/manual_keyboard_control/build/CMakeFiles/CMakeTmp/CMakeFiles 1
Building C object CMakeFiles/cmTryCompileExec1802945890.dir/CheckSymbolExists.c.o
/usr/bin/cc    -o CMakeFiles/cmTryCompileExec1802945890.dir/CheckSymbolExists.c.o   -c /home/jr/github/RoboOps-Senior-Design/Source/RoboOps_ControllerCode/manual_keyboard_control/build/CMakeFiles/CMakeTmp/CheckSymbolExists.c
Linking C executable cmTryCompileExec1802945890
/usr/bin/cmake -E cmake_link_script CMakeFiles/cmTryCompileExec1802945890.dir/link.txt --verbose=1
/usr/bin/cc       CMakeFiles/cmTryCompileExec1802945890.dir/CheckSymbolExists.c.o  -o cmTryCompileExec1802945890 -rdynamic 
CMakeFiles/cmTryCompileExec1802945890.dir/CheckSymbolExists.c.o: In function `main':
CheckSymbolExists.c:(.text+0x16): undefined reference to `pthread_create'
collect2: error: ld returned 1 exit status
make[2]: Leaving directory `/home/jr/github/RoboOps-Senior-Design/Source/RoboOps_ControllerCode/manual_keyboard_control/build/CMakeFiles/CMakeTmp'
make[1]: Leaving directory `/home/jr/github/RoboOps-Senior-Design/Source/RoboOps_ControllerCode/manual_keyboard_control/build/CMakeFiles/CMakeTmp'
make[2]: *** [cmTryCompileExec1802945890] Error 1
make[1]: *** [cmTryCompileExec1802945890/fast] Error 2

File /home/jr/github/RoboOps-Senior-Design/Source/RoboOps_ControllerCode/manual_keyboard_control/build/CMakeFiles/CMakeTmp/CheckSymbolExists.c:
/* */
#include <pthread.h>

int main(int argc, char** argv)
{
  (void)argv;
#ifndef pthread_create
  return ((int*)(&pthread_create))[argc];
#else
  (void)argc;
  return 0;
#endif
}

Determining if the function pthread_create exists in the pthreads failed with the following output:
Change Dir: /home/jr/github/RoboOps-Senior-Design/Source/RoboOps_ControllerCode/manual_keyboard_control/build/CMakeFiles/CMakeTmp

Run Build Command:/usr/bin/make "cmTryCompileExec3291214989/fast"
make[1]: Entering directory `/home/jr/github/RoboOps-Senior-Design/Source/RoboOps_ControllerCode/manual_keyboard_control/build/CMakeFiles/CMakeTmp'
/usr/bin/make -f CMakeFiles/cmTryCompileExec3291214989.dir/build.make CMakeFiles/cmTryCompileExec3291214989.dir/build
make[2]: Entering directory `/home/jr/github/RoboOps-Senior-Design/Source/RoboOps_ControllerCode/manual_keyboard_control/build/CMakeFiles/CMakeTmp'
/usr/bin/cmake -E cmake_progress_report /home/jr/github/RoboOps-Senior-Design/Source/RoboOps_ControllerCode/manual_keyboard_control/build/CMakeFiles/CMakeTmp/CMakeFiles 1
Building C object CMakeFiles/cmTryCompileExec3291214989.dir/CheckFunctionExists.c.o
/usr/bin/cc   -DCHECK_FUNCTION_EXISTS=pthread_create   -o CMakeFiles/cmTryCompileExec3291214989.dir/CheckFunctionExists.c.o   -c /usr/share/cmake-2.8/Modules/CheckFunctionExists.c
Linking C executable cmTryCompileExec3291214989
/usr/bin/cmake -E cmake_link_script CMakeFiles/cmTryCompileExec3291214989.dir/link.txt --verbose=1
/usr/bin/cc   -DCHECK_FUNCTION_EXISTS=pthread_create    CMakeFiles/cmTryCompileExec3291214989.dir/CheckFunctionExists.c.o  -o cmTryCompileExec3291214989 -rdynamic -lpthreads 
/usr/bin/ld: cannot find -lpthreads
collect2: error: ld returned 1 exit status
make[2]: *** [cmTryCompileExec3291214989] Error 1
make[2]: Leaving directory `/home/jr/github/RoboOps-Senior-Design/Source/RoboOps_ControllerCode/manual_keyboard_control/build/CMakeFiles/CMakeTmp'
make[1]: *** [cmTryCompileExec3291214989/fast] Error 2
make[1]: Leaving directory `/home/jr/github/RoboOps-Senior-Design/Source/RoboOps_ControllerCode/manual_keyboard_control/build/CMakeFiles/CMakeTmp'


Determining if the pthread_create exist failed with the following output:
Change Dir: /home/jr/github/RoboOps-Senior-Design/Source/RoboOps_ControllerCode/manual_keyboard_control/build/CMakeFiles/CMakeTmp

Run Build Command:/usr/bin/make "cmTryCompileExec3016219920/fast"
make[1]: Entering directory `/home/jr/github/RoboOps-Senior-Design/Source/RoboOps_ControllerCode/manual_keyboard_control/build/CMakeFiles/CMakeTmp'
/usr/bin/make -f CMakeFiles/cmTryCompileExec3016219920.dir/build.make CMakeFiles/cmTryCompileExec3016219920.dir/build
make[2]: Entering directory `/home/jr/github/RoboOps-Senior-Design/Source/RoboOps_ControllerCode/manual_keyboard_control/build/CMakeFiles/CMakeTmp'
/usr/bin/cmake -E cmake_progress_report /home/jr/github/RoboOps-Senior-Design/Source/RoboOps_ControllerCode/manual_keyboard_control/build/CMakeFiles/CMakeTmp/CMakeFiles 1
Building C object CMakeFiles/cmTryCompileExec3016219920.dir/CheckSymbolExists.c.o
/usr/bin/cc    -o CMakeFiles/cmTryCompileExec3016219920.dir/CheckSymbolExists.c.o   -c /home/jr/github/RoboOps-Senior-Design/Source/RoboOps_ControllerCode/manual_keyboard_control/build/CMakeFiles/CMakeTmp/CheckSymbolExists.c
Linking C executable cmTryCompileExec3016219920
/usr/bin/cmake -E cmake_link_script CMakeFiles/cmTryCompileExec3016219920.dir/link.txt --verbose=1
/usr/bin/cc       CMakeFiles/cmTryCompileExec3016219920.dir/CheckSymbolExists.c.o  -o cmTryCompileExec3016219920 -rdynamic 
CMakeFiles/cmTryCompileExec3016219920.dir/CheckSymbolExists.c.o: In function `main':
CheckSymbolExists.c:(.text+0x16): undefined reference to `pthread_create'
collect2: error: ld returned 1 exit status
make[2]: Leaving directory `/home/jr/github/RoboOps-Senior-Design/Source/RoboOps_ControllerCode/manual_keyboard_control/build/CMakeFiles/CMakeTmp'
make[2]: *** [cmTryCompileExec3016219920] Error 1
make[1]: Leaving directory `/home/jr/github/RoboOps-Senior-Design/Source/RoboOps_ControllerCode/manual_keyboard_control/build/CMakeFiles/CMakeTmp'
make[1]: *** [cmTryCompileExec3016219920/fast] Error 2

File /home/jr/github/RoboOps-Senior-Design/Source/RoboOps_ControllerCode/manual_keyboard_control/build/CMakeFiles/CMakeTmp/CheckSymbolExists.c:
/* */
#include <pthread.h>

int main(int argc, char** argv)
{
  (void)argv;
#ifndef pthread_create
  return ((int*)(&pthread_create))[argc];
#else
  (void)argc;
  return 0;
#endif
}

Determining if the function pthread_create exists in the pthreads failed with the following output:
Change Dir: /home/jr/github/RoboOps-Senior-Design/Source/RoboOps_ControllerCode/manual_keyboard_control/build/CMakeFiles/CMakeTmp

Run Build Command:/usr/bin/make "cmTryCompileExec2805564842/fast"
make[1]: Entering directory `/home/jr/github/RoboOps-Senior-Design/Source/RoboOps_ControllerCode/manual_keyboard_control/build/CMakeFiles/CMakeTmp'
/usr/bin/make -f CMakeFiles/cmTryCompileExec2805564842.dir/build.make CMakeFiles/cmTryCompileExec2805564842.dir/build
make[2]: Entering directory `/home/jr/github/RoboOps-Senior-Design/Source/RoboOps_ControllerCode/manual_keyboard_control/build/CMakeFiles/CMakeTmp'
/usr/bin/cmake -E cmake_progress_report /home/jr/github/RoboOps-Senior-Design/Source/RoboOps_ControllerCode/manual_keyboard_control/build/CMakeFiles/CMakeTmp/CMakeFiles 1
Building C object CMakeFiles/cmTryCompileExec2805564842.dir/CheckFunctionExists.c.o
/usr/bin/cc   -DCHECK_FUNCTION_EXISTS=pthread_create   -o CMakeFiles/cmTryCompileExec2805564842.dir/CheckFunctionExists.c.o   -c /usr/share/cmake-2.8/Modules/CheckFunctionExists.c
Linking C executable cmTryCompileExec2805564842
/usr/bin/cmake -E cmake_link_script CMakeFiles/cmTryCompileExec2805564842.dir/link.txt --verbose=1
/usr/bin/cc   -DCHECK_FUNCTION_EXISTS=pthread_create    CMakeFiles/cmTryCompileExec2805564842.dir/CheckFunctionExists.c.o  -o cmTryCompileExec2805564842 -rdynamic -lpthreads 
/usr/bin/ld: cannot find -lpthreads
collect2: error: ld returned 1 exit status
make[2]: *** [cmTryCompileExec2805564842] Error 1
make[2]: Leaving directory `/home/jr/github/RoboOps-Senior-Design/Source/RoboOps_ControllerCode/manual_keyboard_control/build/CMakeFiles/CMakeTmp'
make[1]: Leaving directory `/home/jr/github/RoboOps-Senior-Design/Source/RoboOps_ControllerCode/manual_keyboard_control/build/CMakeFiles/CMakeTmp'
make[1]: *** [cmTryCompileExec2805564842/fast] Error 2


